{"/home/dev/Downloads/spotter/spotter/frontend/src/App.tsx": {"path":"/home/dev/Downloads/spotter/spotter/frontend/src/App.tsx","statementMap":{"0":{"start":{"line":4,"column":12},"end":{"line":21,"column":1}},"1":{"start":{"line":5,"column":2},"end":{"line":20,"column":4}}},"fnMap":{"0":{"name":"(anonymous_0)","decl":{"start":{"line":4,"column":12},"end":{"line":4,"column":13}},"loc":{"start":{"line":4,"column":18},"end":{"line":21,"column":1}},"line":4}},"branchMap":{},"s":{"0":0,"1":0},"f":{"0":0},"b":{}}
,"/home/dev/Downloads/spotter/spotter/frontend/src/index.tsx": {"path":"/home/dev/Downloads/spotter/spotter/frontend/src/index.tsx","statementMap":{"0":{"start":{"line":7,"column":13},"end":{"line":9,"column":1}},"1":{"start":{"line":10,"column":0},"end":{"line":14,"column":2}}},"fnMap":{},"branchMap":{},"s":{"0":0,"1":0},"f":{},"b":{}}
,"/home/dev/Downloads/spotter/spotter/frontend/src/components/ErrorBoundary.tsx": {"path":"/home/dev/Downloads/spotter/spotter/frontend/src/components/ErrorBoundary.tsx","statementMap":{"0":{"start":{"line":12,"column":24},"end":{"line":14,"column":3}},"1":{"start":{"line":17,"column":4},"end":{"line":17,"column":30}},"2":{"start":{"line":21,"column":4},"end":{"line":21,"column":55}},"3":{"start":{"line":25,"column":4},"end":{"line":37,"column":5}},"4":{"start":{"line":26,"column":6},"end":{"line":36,"column":8}},"5":{"start":{"line":31,"column":27},"end":{"line":31,"column":61}},"6":{"start":{"line":39,"column":4},"end":{"line":39,"column":31}}},"fnMap":{"0":{"name":"(anonymous_0)","decl":{"start":{"line":16,"column":2},"end":{"line":16,"column":3}},"loc":{"start":{"line":16,"column":58},"end":{"line":18,"column":3}},"line":16},"1":{"name":"(anonymous_1)","decl":{"start":{"line":20,"column":2},"end":{"line":20,"column":3}},"loc":{"start":{"line":20,"column":63},"end":{"line":22,"column":3}},"line":20},"2":{"name":"(anonymous_2)","decl":{"start":{"line":24,"column":2},"end":{"line":24,"column":3}},"loc":{"start":{"line":24,"column":18},"end":{"line":40,"column":3}},"line":24},"3":{"name":"(anonymous_3)","decl":{"start":{"line":31,"column":21},"end":{"line":31,"column":22}},"loc":{"start":{"line":31,"column":27},"end":{"line":31,"column":61}},"line":31}},"branchMap":{"0":{"loc":{"start":{"line":25,"column":4},"end":{"line":37,"column":5}},"type":"if","locations":[{"start":{"line":25,"column":4},"end":{"line":37,"column":5}},{"start":{},"end":{}}],"line":25}},"s":{"0":0,"1":0,"2":0,"3":0,"4":0,"5":0,"6":0},"f":{"0":0,"1":0,"2":0,"3":0},"b":{"0":[0,0]}}
,"/home/dev/Downloads/spotter/spotter/frontend/src/components/LogSheet.tsx": {"path":"/home/dev/Downloads/spotter/spotter/frontend/src/components/LogSheet.tsx","statementMap":{"0":{"start":{"line":12,"column":49},"end":{"line":17,"column":1}},"1":{"start":{"line":19,"column":42},"end":{"line":62,"column":1}},"2":{"start":{"line":20,"column":18},"end":{"line":20,"column":57}},"3":{"start":{"line":20,"column":55},"end":{"line":20,"column":56}},"4":{"start":{"line":22,"column":4},"end":{"line":61,"column":6}},"5":{"start":{"line":32,"column":35},"end":{"line":32,"column":82}},"6":{"start":{"line":33,"column":20},"end":{"line":39,"column":22}}},"fnMap":{"0":{"name":"(anonymous_0)","decl":{"start":{"line":19,"column":42},"end":{"line":19,"column":43}},"loc":{"start":{"line":19,"column":56},"end":{"line":62,"column":1}},"line":19},"1":{"name":"(anonymous_1)","decl":{"start":{"line":20,"column":45},"end":{"line":20,"column":46}},"loc":{"start":{"line":20,"column":55},"end":{"line":20,"column":56}},"line":20},"2":{"name":"(anonymous_2)","decl":{"start":{"line":31,"column":27},"end":{"line":31,"column":28}},"loc":{"start":{"line":31,"column":35},"end":{"line":40,"column":17}},"line":31}},"branchMap":{"0":{"loc":{"start":{"line":32,"column":36},"end":{"line":32,"column":67}},"type":"binary-expr","locations":[{"start":{"line":32,"column":36},"end":{"line":32,"column":58}},{"start":{"line":32,"column":62},"end":{"line":32,"column":67}}],"line":32}},"s":{"0":1,"1":1,"2":4,"3":96,"4":4,"5":96,"6":96},"f":{"0":4,"1":96,"2":96},"b":{"0":[96,56]},"_coverageSchema":"1a1c01bbd47fc00a2c39e90264f33305004495a9","hash":"fd07668ea069a5a15aadac8d493eb716a493011b"}
,"/home/dev/Downloads/spotter/spotter/frontend/src/components/Map.tsx": {"path":"/home/dev/Downloads/spotter/spotter/frontend/src/components/Map.tsx","statementMap":{"0":{"start":{"line":6,"column":20},"end":{"line":13,"column":2}},"1":{"start":{"line":20,"column":32},"end":{"line":48,"column":1}},"2":{"start":{"line":21,"column":2},"end":{"line":47,"column":4}},"3":{"start":{"line":33,"column":43},"end":{"line":33,"column":71}},"4":{"start":{"line":34,"column":8},"end":{"line":44,"column":10}}},"fnMap":{"0":{"name":"(anonymous_0)","decl":{"start":{"line":20,"column":32},"end":{"line":20,"column":33}},"loc":{"start":{"line":20,"column":58},"end":{"line":48,"column":1}},"line":20},"1":{"name":"(anonymous_1)","decl":{"start":{"line":32,"column":48},"end":{"line":32,"column":49}},"loc":{"start":{"line":32,"column":69},"end":{"line":45,"column":7}},"line":32}},"branchMap":{"0":{"loc":{"start":{"line":32,"column":7},"end":{"line":45,"column":8}},"type":"binary-expr","locations":[{"start":{"line":32,"column":7},"end":{"line":32,"column":15}},{"start":{"line":32,"column":19},"end":{"line":45,"column":8}}],"line":32},"1":{"loc":{"start":{"line":41,"column":15},"end":{"line":41,"column":110}},"type":"cond-expr","locations":[{"start":{"line":41,"column":29},"end":{"line":41,"column":36}},{"start":{"line":41,"column":39},"end":{"line":41,"column":110}}],"line":41},"2":{"loc":{"start":{"line":41,"column":39},"end":{"line":41,"column":110}},"type":"cond-expr","locations":[{"start":{"line":41,"column":87},"end":{"line":41,"column":92}},{"start":{"line":41,"column":95},"end":{"line":41,"column":110}}],"line":41}},"s":{"0":1,"1":1,"2":3,"3":6,"4":6},"f":{"0":3,"1":6},"b":{"0":[3,2],"1":[2,4],"2":[2,2]},"_coverageSchema":"1a1c01bbd47fc00a2c39e90264f33305004495a9","hash":"29840a50134bfed78dcdf0e4a2442e9e25c3613d"}
,"/home/dev/Downloads/spotter/spotter/frontend/src/components/TripForm.tsx": {"path":"/home/dev/Downloads/spotter/spotter/frontend/src/components/TripForm.tsx","statementMap":{"0":{"start":{"line":8,"column":42},"end":{"line":100,"column":1}},"1":{"start":{"line":9,"column":36},"end":{"line":14,"column":6}},"2":{"start":{"line":16,"column":25},"end":{"line":19,"column":5}},"3":{"start":{"line":17,"column":8},"end":{"line":17,"column":27}},"4":{"start":{"line":18,"column":8},"end":{"line":18,"column":27}},"5":{"start":{"line":21,"column":25},"end":{"line":27,"column":5}},"6":{"start":{"line":22,"column":32},"end":{"line":22,"column":40}},"7":{"start":{"line":23,"column":8},"end":{"line":26,"column":12}},"8":{"start":{"line":23,"column":29},"end":{"line":26,"column":9}},"9":{"start":{"line":29,"column":4},"end":{"line":99,"column":6}}},"fnMap":{"0":{"name":"(anonymous_0)","decl":{"start":{"line":8,"column":42},"end":{"line":8,"column":43}},"loc":{"start":{"line":8,"column":60},"end":{"line":100,"column":1}},"line":8},"1":{"name":"(anonymous_1)","decl":{"start":{"line":16,"column":25},"end":{"line":16,"column":26}},"loc":{"start":{"line":16,"column":49},"end":{"line":19,"column":5}},"line":16},"2":{"name":"(anonymous_2)","decl":{"start":{"line":21,"column":25},"end":{"line":21,"column":26}},"loc":{"start":{"line":21,"column":69},"end":{"line":27,"column":5}},"line":21},"3":{"name":"(anonymous_3)","decl":{"start":{"line":23,"column":20},"end":{"line":23,"column":21}},"loc":{"start":{"line":23,"column":29},"end":{"line":26,"column":9}},"line":23}},"branchMap":{"0":{"loc":{"start":{"line":25,"column":20},"end":{"line":25,"column":78}},"type":"cond-expr","locations":[{"start":{"line":25,"column":53},"end":{"line":25,"column":70}},{"start":{"line":25,"column":73},"end":{"line":25,"column":78}}],"line":25}},"s":{"0":1,"1":43,"2":43,"3":2,"4":2,"5":43,"6":39,"7":39,"8":39,"9":43},"f":{"0":43,"1":2,"2":39,"3":39},"b":{"0":[1,38]},"_coverageSchema":"1a1c01bbd47fc00a2c39e90264f33305004495a9","hash":"506591712ad62721ab00329a1a03c89685bd348e"}
,"/home/dev/Downloads/spotter/spotter/frontend/src/components/TripPlanner.tsx": {"path":"/home/dev/Downloads/spotter/spotter/frontend/src/components/TripPlanner.tsx","statementMap":{"0":{"start":{"line":11,"column":30},"end":{"line":64,"column":1}},"1":{"start":{"line":12,"column":34},"end":{"line":12,"column":70}},"2":{"start":{"line":13,"column":34},"end":{"line":13,"column":49}},"3":{"start":{"line":15,"column":2},"end":{"line":17,"column":9}},"4":{"start":{"line":16,"column":4},"end":{"line":16,"column":22}},"5":{"start":{"line":19,"column":27},"end":{"line":26,"column":3}},"6":{"start":{"line":20,"column":4},"end":{"line":25,"column":5}},"7":{"start":{"line":21,"column":23},"end":{"line":21,"column":50}},"8":{"start":{"line":22,"column":6},"end":{"line":22,"column":28}},"9":{"start":{"line":24,"column":6},"end":{"line":24,"column":51}},"10":{"start":{"line":28,"column":35},"end":{"line":28,"column":54}},"11":{"start":{"line":30,"column":2},"end":{"line":63,"column":4}},"12":{"start":{"line":57,"column":14},"end":{"line":57,"column":51}}},"fnMap":{"0":{"name":"(anonymous_0)","decl":{"start":{"line":11,"column":30},"end":{"line":11,"column":31}},"loc":{"start":{"line":11,"column":36},"end":{"line":64,"column":1}},"line":11},"1":{"name":"(anonymous_1)","decl":{"start":{"line":15,"column":12},"end":{"line":15,"column":13}},"loc":{"start":{"line":15,"column":18},"end":{"line":17,"column":3}},"line":15},"2":{"name":"(anonymous_2)","decl":{"start":{"line":19,"column":27},"end":{"line":19,"column":28}},"loc":{"start":{"line":19,"column":56},"end":{"line":26,"column":3}},"line":19},"3":{"name":"(anonymous_3)","decl":{"start":{"line":56,"column":37},"end":{"line":56,"column":38}},"loc":{"start":{"line":57,"column":14},"end":{"line":57,"column":51}},"line":57}},"branchMap":{"0":{"loc":{"start":{"line":34,"column":9},"end":{"line":43,"column":9}},"type":"binary-expr","locations":[{"start":{"line":34,"column":9},"end":{"line":34,"column":17}},{"start":{"line":35,"column":10},"end":{"line":42,"column":16}}],"line":34},"1":{"loc":{"start":{"line":46,"column":9},"end":{"line":50,"column":9}},"type":"binary-expr","locations":[{"start":{"line":46,"column":9},"end":{"line":46,"column":17}},{"start":{"line":47,"column":10},"end":{"line":49,"column":26}}],"line":46},"2":{"loc":{"start":{"line":52,"column":7},"end":{"line":61,"column":7}},"type":"binary-expr","locations":[{"start":{"line":52,"column":7},"end":{"line":52,"column":27}},{"start":{"line":53,"column":8},"end":{"line":60,"column":14}}],"line":52}},"s":{"0":0,"1":0,"2":0,"3":0,"4":0,"5":0,"6":0,"7":0,"8":0,"9":0,"10":0,"11":0,"12":0},"f":{"0":0,"1":0,"2":0,"3":0},"b":{"0":[0,0],"1":[0,0],"2":[0,0]}}
,"/home/dev/Downloads/spotter/spotter/frontend/src/services/api.ts": {"path":"/home/dev/Downloads/spotter/spotter/frontend/src/services/api.ts","statementMap":{"0":{"start":{"line":4,"column":21},"end":{"line":4,"column":77}},"1":{"start":{"line":6,"column":24},"end":{"line":14,"column":1}},"2":{"start":{"line":7,"column":4},"end":{"line":13,"column":5}},"3":{"start":{"line":8,"column":25},"end":{"line":8,"column":95}},"4":{"start":{"line":9,"column":8},"end":{"line":9,"column":29}},"5":{"start":{"line":11,"column":8},"end":{"line":11,"column":53}},"6":{"start":{"line":12,"column":8},"end":{"line":12,"column":20}}},"fnMap":{"0":{"name":"(anonymous_0)","decl":{"start":{"line":6,"column":24},"end":{"line":6,"column":25}},"loc":{"start":{"line":6,"column":77},"end":{"line":14,"column":1}},"line":6}},"branchMap":{"0":{"loc":{"start":{"line":4,"column":21},"end":{"line":4,"column":77}},"type":"binary-expr","locations":[{"start":{"line":4,"column":21},"end":{"line":4,"column":50}},{"start":{"line":4,"column":54},"end":{"line":4,"column":77}}],"line":4}},"s":{"0":0,"1":0,"2":0,"3":0,"4":0,"5":0,"6":0},"f":{"0":0},"b":{"0":[0,0]}}
,"/home/dev/Downloads/spotter/spotter/frontend/src/types/index.ts": {"path":"/home/dev/Downloads/spotter/spotter/frontend/src/types/index.ts","statementMap":{},"fnMap":{},"branchMap":{},"s":{},"f":{},"b":{}}
,"/home/dev/Downloads/spotter/spotter/frontend/src/utils/leaflet-config.ts": {"path":"/home/dev/Downloads/spotter/spotter/frontend/src/utils/leaflet-config.ts","statementMap":{"0":{"start":{"line":3,"column":18},"end":{"line":10,"column":2}},"1":{"start":{"line":12,"column":0},"end":{"line":12,"column":46}}},"fnMap":{},"branchMap":{},"s":{"0":0,"1":0},"f":{},"b":{}}
}
